*** Starting uWSGI 2.0.15 (64bit) on [Thu Jan 25 00:38:44 2018] ***
compiled with version: 4.2.1 Compatible Apple LLVM 9.0.0 (clang-900.0.39.2) on 23 January 2018 23:06:53
os: Darwin-17.3.0 Darwin Kernel Version 17.3.0: Thu Nov  9 18:09:22 PST 2017; root:xnu-4570.31.3~1/RELEASE_X86_64
nodename: henryiMac.local
machine: x86_64
clock source: unix
pcre jit disabled
detected number of CPU cores: 4
current working directory: /Users/henry/Container/Sites/uwsgi-tutorial/Django
detected binary path: /usr/local/bin/uwsgi
chdir() to /Users/henry/Container/Sites/uwsgi-tutorial/Django/Django
your processes number limit is 709
your memory page size is 4096 bytes
detected max file descriptor number: 4864
lock engine: OSX spinlocks
thunder lock: disabled (you can enable it with --thunder-lock)
uwsgi socket 0 bound to TCP address 127.0.0.1:8001 fd 3
Python version: 2.7.14 (default, Jan  6 2018, 12:16:16)  [GCC 4.2.1 Compatible Apple LLVM 9.0.0 (clang-900.0.39.2)]
Python main interpreter initialized at 0x7f8e20f004d0
python threads support enabled
your server socket listen backlog is limited to 100 connections
your mercy for graceful operations on workers is 60 seconds
mapped 249120 bytes (243 KB) for 4 cores
*** Operational MODE: preforking+threaded ***
ImportError: No module named hello.wsgi
unable to load app 0 (mountpoint='') (callable not found or import error)
*** no app loaded. going in full dynamic mode ***
*** uWSGI is running in multiple interpreter mode ***
spawned uWSGI master process (pid: 69129)
spawned uWSGI worker 1 (pid: 69137, cores: 2)
spawned uWSGI worker 2 (pid: 69139, cores: 2)
--- no python application found, check your startup logs for errors ---
[pid: 69139|app: -1|req: -1/1] 127.0.0.1 () {46 vars in 1142 bytes} [Thu Jan 25 00:39:02 2018] GET / => generated 21 bytes in 5 msecs (HTTP/1.1 500) 2 headers in 83 bytes (0 switches on core 0)
invalid request block size: 21573 (max 4096)...skip
invalid request block size: 21573 (max 4096)...skip
invalid request block size: 21573 (max 4096)...skip
invalid request block size: 21573 (max 4096)...skip
invalid request block size: 21573 (max 4096)...skip
--- no python application found, check your startup logs for errors ---
[pid: 69139|app: -1|req: -1/2] 127.0.0.1 () {44 vars in 1111 bytes} [Thu Jan 25 00:39:51 2018] GET / => generated 21 bytes in 0 msecs (HTTP/1.1 500) 2 headers in 83 bytes (0 switches on core 1)
--- no python application found, check your startup logs for errors ---
[pid: 69139|app: -1|req: -1/3] 127.0.0.1 () {46 vars in 1142 bytes} [Thu Jan 25 00:40:00 2018] GET / => generated 21 bytes in 0 msecs (HTTP/1.1 500) 2 headers in 83 bytes (0 switches on core 0)
--- no python application found, check your startup logs for errors ---
[pid: 69137|app: -1|req: -1/4] 127.0.0.1 () {46 vars in 1142 bytes} [Thu Jan 25 00:40:10 2018] GET / => generated 21 bytes in 0 msecs (HTTP/1.1 500) 2 headers in 83 bytes (0 switches on core 0)
*** Starting uWSGI 2.0.15 (64bit) on [Thu Jan 25 00:42:03 2018] ***
compiled with version: 4.2.1 Compatible Apple LLVM 9.0.0 (clang-900.0.39.2) on 23 January 2018 23:06:53
os: Darwin-17.3.0 Darwin Kernel Version 17.3.0: Thu Nov  9 18:09:22 PST 2017; root:xnu-4570.31.3~1/RELEASE_X86_64
nodename: henryiMac.local
machine: x86_64
clock source: unix
pcre jit disabled
detected number of CPU cores: 4
current working directory: /Users/henry/Container/Sites/uwsgi-tutorial/Django
detected binary path: /usr/local/bin/uwsgi
chdir() to /Users/henry/Container/Sites/uwsgi-tutorial/Django/Django
your processes number limit is 709
your memory page size is 4096 bytes
detected max file descriptor number: 4864
lock engine: OSX spinlocks
thunder lock: disabled (you can enable it with --thunder-lock)
probably another instance of uWSGI is running on the same address (127.0.0.1:8001).
bind(): Address already in use [core/socket.c line 769]
--- no python application found, check your startup logs for errors ---
[pid: 69139|app: -1|req: -1/5] 127.0.0.1 () {46 vars in 1142 bytes} [Thu Jan 25 00:42:08 2018] GET / => generated 21 bytes in 0 msecs (HTTP/1.1 500) 2 headers in 83 bytes (0 switches on core 0)
--- no python application found, check your startup logs for errors ---
[pid: 69139|app: -1|req: -1/6] 127.0.0.1 () {46 vars in 1142 bytes} [Thu Jan 25 00:42:09 2018] GET / => generated 21 bytes in 0 msecs (HTTP/1.1 500) 2 headers in 83 bytes (0 switches on core 1)
--- no python application found, check your startup logs for errors ---
[pid: 69139|app: -1|req: -1/7] 127.0.0.1 () {46 vars in 1142 bytes} [Thu Jan 25 00:56:24 2018] GET / => generated 21 bytes in 2 msecs (HTTP/1.1 500) 2 headers in 83 bytes (0 switches on core 0)
DAMN ! worker 2 (pid: 69139) died :( trying respawn ...
Respawned uWSGI worker 2 (new pid: 71276)
Thu Jan 25 01:03:04 2018 - uWSGI worker 2 screams: UAAAAAAH my master disconnected: i will kill myself !!!
Thu Jan 25 01:03:04 2018 - uWSGI worker 1 screams: UAAAAAAH my master disconnected: i will kill myself !!!
Thu Jan 25 01:03:04 2018 - uWSGI worker 2 screams: UAAAAAAH my master disconnected: i will kill myself !!!
Thu Jan 25 01:03:04 2018 - uWSGI worker 1 screams: UAAAAAAH my master disconnected: i will kill myself !!!
